6
5
48
0
1
0
1000000
1000
0
213346
188071
5016
577053
106974
340990
192559
404414
47880
152190
187746
135432
23212
520575
218050
24888
496620
156645
205042
283532
52030
59590
220094
132000
227255
3328
68598
561156
14190
203574
312228
333120
104466
71832
44712
227702
296400
30772
77121
378624
8892
55388
404322
158865
202200
87516
315150
415150
516902
531933
154940
64452
436046
160290
69120
34932
260604
513633
775680
48240
18304
133182
49197
4965
8316
407148
73101
407037
333684
242964
200538
474390
15015
640740
74984
45696
143640
646140
26146
118712
677600
137500
703056
159064
107134
331080
22800
766080
208362
33698
496920
288002
527160
5207
265278
154624
128282
19847
70952
337272
498806
659540
75924
80028
461252
18270
101352
688989
206136
205436
681789
186588
579233
47288
23760
117768
23904
26810
281580
42840
22880
5940
409220
444960
35526
66939
204728
254664
815932
72297
208936
504896
109344
225910
7134
689199
41223
15555
23902
663383
320595
136731
376320
308740
70035
210060
23256
705744
108633
570
83772
75210
433936
712950
695019
546116
371334
370516
477750
29382
12780
20412
573750
9373
408738
358080
44954
41202
501903
11760
506869
56922
52993
36783
362000
105840
193968
137548
382104
24548
269745
74580
33099
751995
15660
819210
331474
309960
667080
192234
188370
44688
62634
53060
11997
99267
177577
119822
114660
225424
